<?xml version="1.0" encoding="UTF-8"?>
<!-- Generated by org.testng.reporters.JUnitXMLReporter -->
<testsuite ignored="0" hostname="LAPTOP-F3DO7S1E" failures="1" tests="2" name="Command line test" time="0.09" errors="0" timestamp="2024-08-20T16:31:09 IST">
  <testcase classname="SampleProgramTest" name="diffTest" time="0.011"/>
  <testcase classname="SampleProgramTest" name="sumTest" time="0.016">
    <failure type="java.lang.AssertionError" message="The following asserts failed:
	sum failed expected [11] but found [16]">
      <![CDATA[java.lang.AssertionError: The following asserts failed:
sum failed expected [11] but found [16]
at SampleProgramTest.sumTest(SampleProgramTest.java:14)
at java.base/java.util.ArrayList.forEach(ArrayList.java:1541)
... Removed 38 stack frames]]>
    </failure>
  </testcase> <!-- sumTest -->
</testsuite> <!-- Command line test -->
